#
# There is insufficient memory for the Java Runtime Environment to continue.
# Native memory allocation (malloc) failed to allocate 32744 bytes for ChunkPool::allocate
# Possible reasons:
#   The system is out of physical RAM or swap space
#   In 32 bit mode, the process size limit was hit
# Possible solutions:
#   Reduce memory load on the system
#   Increase physical memory or swap space
#   Check if swap backing store is full
#   Use 64 bit Java on a 64 bit OS
#   Decrease Java heap size (-Xmx/-Xms)
#   Decrease number of Java threads
#   Decrease Java thread stack sizes (-Xss)
#   Set larger code cache with -XX:ReservedCodeCacheSize=
# This output file may be truncated or incomplete.
#
#  Out of Memory Error (allocation.cpp:273), pid=8436, tid=0x0000000000000f74
#
# JRE version: Java(TM) SE Runtime Environment (8.0_181-b13) (build 1.8.0_181-b13)
# Java VM: Java HotSpot(TM) 64-Bit Server VM (25.181-b13 mixed mode windows-amd64 compressed oops)
# Failed to write core dump. Minidumps are not enabled by default on client versions of Windows
#

---------------  T H R E A D  ---------------

Current thread (0x0000000019d7d800):  JavaThread "C2 CompilerThread1" daemon [_thread_in_native, id=3956, stack(0x000000001a540000,0x000000001a640000)]

Stack: [0x000000001a540000,0x000000001a640000]
[error occurred during error reporting (printing stack bounds), id 0xc0000005]

Native frames: (J=compiled Java code, j=interpreted, Vv=VM code, C=native code)


Current CompileTask:
C2: 233632 7972       4       org.apache.catalina.connector.CoyoteAdapter::parseSessionCookiesId (212 bytes)


---------------  P R O C E S S  ---------------

Java Threads: ( => current thread )
  0x000000001d563000 JavaThread "http-bio-8088-exec-11" daemon [_thread_blocked, id=12920, stack(0x0000000026c70000,0x0000000026d70000)]
  0x000000001d562000 JavaThread "http-bio-8088-exec-12" daemon [_thread_in_native, id=2528, stack(0x0000000026b70000,0x0000000026c70000)]
  0x000000001d561800 JavaThread "http-bio-8088-exec-10" daemon [_thread_in_native, id=9848, stack(0x0000000026a70000,0x0000000026b70000)]
  0x000000001d560800 JavaThread "http-bio-8088-exec-9" daemon [_thread_blocked, id=7788, stack(0x0000000026970000,0x0000000026a70000)]
  0x000000001d560000 JavaThread "http-bio-8088-exec-8" daemon [_thread_in_native, id=14956, stack(0x0000000026870000,0x0000000026970000)]
  0x000000001d55f000 JavaThread "http-bio-8088-exec-7" daemon [_thread_in_native, id=4916, stack(0x0000000026770000,0x0000000026870000)]
  0x000000001d564800 JavaThread "http-bio-8088-exec-6" daemon [_thread_blocked, id=3292, stack(0x0000000026670000,0x0000000026770000)]
  0x000000001d566000 JavaThread "http-bio-8088-exec-5" daemon [_thread_blocked, id=876, stack(0x0000000026570000,0x0000000026670000)]
  0x000000001d563800 JavaThread "http-bio-8088-exec-4" daemon [_thread_blocked, id=15676, stack(0x0000000026370000,0x0000000026470000)]
  0x000000001d565000 JavaThread "http-bio-8088-exec-3" daemon [_thread_in_native, id=10780, stack(0x0000000026170000,0x0000000026270000)]
  0x000000001ad47800 JavaThread "http-bio-8088-exec-2" daemon [_thread_blocked, id=12160, stack(0x0000000026070000,0x0000000026170000)]
  0x000000001e7cf800 JavaThread "http-bio-8088-exec-1" daemon [_thread_in_native, id=10804, stack(0x0000000025f70000,0x0000000026070000)]
  0x000000001b966000 JavaThread "http-bio-8088-AsyncTimeout" daemon [_thread_blocked, id=11392, stack(0x0000000025e70000,0x0000000025f70000)]
  0x0000000022256000 JavaThread "http-bio-8088-Acceptor-0" daemon [_thread_in_native, id=5288, stack(0x0000000025d70000,0x0000000025e70000)]
  0x0000000022255000 JavaThread "ContainerBackgroundProcessor[StandardEngine[Tomcat]]" daemon [_thread_blocked, id=8332, stack(0x0000000025c70000,0x0000000025d70000)]
  0x0000000023732800 JavaThread "Abandoned connection cleanup thread" daemon [_thread_blocked, id=8368, stack(0x0000000024ed0000,0x0000000024fd0000)]
  0x0000000020ad6800 JavaThread "Thread-3" daemon [_thread_in_native, id=5020, stack(0x00000000247d0000,0x00000000248d0000)]
  0x0000000019e1e800 JavaThread "Service Thread" daemon [_thread_blocked, id=6548, stack(0x000000001a740000,0x000000001a840000)]
  0x0000000019d80800 JavaThread "C1 CompilerThread2" daemon [_thread_blocked, id=16020, stack(0x000000001a640000,0x000000001a740000)]
=>0x0000000019d7d800 JavaThread "C2 CompilerThread1" daemon [_thread_in_native, id=3956, stack(0x000000001a540000,0x000000001a640000)]
  0x0000000019d77800 JavaThread "C2 CompilerThread0" daemon [_thread_in_native, id=4804, stack(0x000000001a440000,0x000000001a540000)]
  0x0000000019d60000 JavaThread "Monitor Ctrl-Break" daemon [_thread_in_native, id=8656, stack(0x000000001a340000,0x000000001a440000)]
  0x000000001820f000 JavaThread "Attach Listener" daemon [_thread_blocked, id=15388, stack(0x000000001a240000,0x000000001a340000)]
  0x00000000181f9800 JavaThread "Signal Dispatcher" daemon [_thread_blocked, id=9784, stack(0x000000001a140000,0x000000001a240000)]
  0x00000000181ea800 JavaThread "Finalizer" daemon [_thread_blocked, id=13448, stack(0x0000000019480000,0x0000000019580000)]
  0x00000000181c9000 JavaThread "Reference Handler" daemon [_thread_blocked, id=16072, stack(0x0000000019380000,0x0000000019480000)]
  0x00000000033fe800 JavaThread "main" [_thread_blocked, id=8248, stack(0x00000000032e0000,0x00000000033e0000)]

Other Threads:
  0x00000000181c7000 VMThread [stack: 0x0000000019280000,0x0000000019380000] [id=15036]
  0x0000000019e50800 WatcherThread [stack: 0x000000001a840000,0x000000001a940000] [id=8524]

VM state:not at safepoint (normal execution)

VM Mutex/Monitor currently owned by a thread: None

Heap:
 PSYoungGen      total 391168K, used 280791K [0x00000000d5e00000, 0x00000000f1980000, 0x0000000100000000)
  eden space 354816K, 79% used [0x00000000d5e00000,0x00000000e7035ff0,0x00000000eb880000)
  from space 36352K, 0% used [0x00000000ef600000,0x00000000ef600000,0x00000000f1980000)
  to   space 49664K, 0% used [0x00000000eb880000,0x00000000eb880000,0x00000000ee900000)
 ParOldGen       total 163328K, used 51597K [0x0000000081a00000, 0x000000008b980000, 0x00000000d5e00000)
  object space 163328K, 31% used [0x0000000081a00000,0x0000000084c63528,0x000000008b980000)
 Metaspace       used 53093K, capacity 54010K, committed 54272K, reserved 1097728K
  class space    used 6092K, capacity 6351K, committed 6400K, reserved 1048576K

Card table byte_map: [0x0000000012a80000,0x0000000012e80000] byte_map_base: 0x0000000012673000

Marking Bits: (ParMarkBitMap*) 0x000000005f512d00
 Begin Bits: [0x0000000013530000, 0x00000000154c8000)
 End Bits:   [0x00000000154c8000, 0x0000000017460000)

Polling page: 0x0000000002f00000

CodeCache: size=245760Kb used=21719Kb max_used=21731Kb free=224040Kb
 bounds [0x00000000036c0000, 0x0000000004c50000, 0x00000000126c0000]
 total_blobs=7206 nmethods=6700 adapters=418
 compilation: enabled

Compilation events (10 events):
Event: 232.697 Thread 0x0000000019d80800 nmethod 7966 0x0000000003d64310 code [0x0000000003d64480, 0x0000000003d64670]
Event: 232.987 Thread 0x0000000019d80800 7967       1       org.apache.tomcat.util.threads.LimitLatch::access$100 (5 bytes)
Event: 232.987 Thread 0x0000000019d80800 nmethod 7967 0x0000000003fd4f50 code [0x0000000003fd50a0, 0x0000000003fd5190]
Event: 233.010 Thread 0x0000000019d80800 7969       3       java.io.FileDescriptor$1::set (7 bytes)
Event: 233.010 Thread 0x0000000019d80800 nmethod 7969 0x00000000045ea250 code [0x00000000045ea3c0, 0x00000000045ea570]
Event: 233.216 Thread 0x0000000019d80800 7970       3       java.net.DualStackPlainSocketImpl::socketClose0 (59 bytes)
Event: 233.216 Thread 0x0000000019d80800 nmethod 7970 0x0000000004a9aa10 code [0x0000000004a9abc0, 0x0000000004a9b1d8]
Event: 233.512 Thread 0x0000000019d77800 7971       4       org.apache.tomcat.util.buf.MessageBytes::duplicate (120 bytes)
Event: 233.520 Thread 0x0000000019d77800 nmethod 7971 0x00000000048fe250 code [0x00000000048fe3e0, 0x00000000048fe810]
Event: 233.525 Thread 0x0000000019d7d800 7972       4       org.apache.catalina.connector.CoyoteAdapter::parseSessionCookiesId (212 bytes)

GC Heap History (10 events):
Event: 7.460 GC heap before
{Heap before GC invocations=13 (full 2):
 PSYoungGen      total 271872K, used 233472K [0x00000000d5e00000, 0x00000000e9b80000, 0x0000000100000000)
  eden space 233472K, 100% used [0x00000000d5e00000,0x00000000e4200000,0x00000000e4200000)
  from space 38400K, 0% used [0x00000000e6a80000,0x00000000e6a80000,0x00000000e9000000)
  to   space 41472K, 0% used [0x00000000e4200000,0x00000000e4200000,0x00000000e6a80000)
 ParOldGen       total 146432K, used 61891K [0x0000000081a00000, 0x000000008a900000, 0x00000000d5e00000)
  object space 146432K, 42% used [0x0000000081a00000,0x0000000085670ff8,0x000000008a900000)
 Metaspace       used 34278K, capacity 34974K, committed 35328K, reserved 1081344K
  class space    used 4059K, capacity 4261K, committed 4352K, reserved 1048576K
Event: 7.489 GC heap after
Heap after GC invocations=13 (full 2):
 PSYoungGen      total 274944K, used 29007K [0x00000000d5e00000, 0x00000000ed680000, 0x0000000100000000)
  eden space 233472K, 0% used [0x00000000d5e00000,0x00000000d5e00000,0x00000000e4200000)
  from space 41472K, 69% used [0x00000000e4200000,0x00000000e5e53f50,0x00000000e6a80000)
  to   space 43520K, 0% used [0x00000000eac00000,0x00000000eac00000,0x00000000ed680000)
 ParOldGen       total 146432K, used 61899K [0x0000000081a00000, 0x000000008a900000, 0x00000000d5e00000)
  object space 146432K, 42% used [0x0000000081a00000,0x0000000085672ff8,0x000000008a900000)
 Metaspace       used 34278K, capacity 34974K, committed 35328K, reserved 1081344K
  class space    used 4059K, capacity 4261K, committed 4352K, reserved 1048576K
}
Event: 8.474 GC heap before
{Heap before GC invocations=14 (full 2):
 PSYoungGen      total 274944K, used 262479K [0x00000000d5e00000, 0x00000000ed680000, 0x0000000100000000)
  eden space 233472K, 100% used [0x00000000d5e00000,0x00000000e4200000,0x00000000e4200000)
  from space 41472K, 69% used [0x00000000e4200000,0x00000000e5e53f50,0x00000000e6a80000)
  to   space 43520K, 0% used [0x00000000eac00000,0x00000000eac00000,0x00000000ed680000)
 ParOldGen       total 146432K, used 61899K [0x0000000081a00000, 0x000000008a900000, 0x00000000d5e00000)
  object space 146432K, 42% used [0x0000000081a00000,0x0000000085672ff8,0x000000008a900000)
 Metaspace       used 39468K, capacity 40320K, committed 40576K, reserved 1085440K
  class space    used 4736K, capacity 4978K, committed 4992K, reserved 1048576K
Event: 8.504 GC heap after
Heap after GC invocations=14 (full 2):
 PSYoungGen      total 334848K, used 28516K [0x00000000d5e00000, 0x00000000ed400000, 0x0000000100000000)
  eden space 293888K, 0% used [0x00000000d5e00000,0x00000000d5e00000,0x00000000e7d00000)
  from space 40960K, 69% used [0x00000000eac00000,0x00000000ec7d9350,0x00000000ed400000)
  to   space 44544K, 0% used [0x00000000e7d00000,0x00000000e7d00000,0x00000000ea880000)
 ParOldGen       total 146432K, used 61907K [0x0000000081a00000, 0x000000008a900000, 0x00000000d5e00000)
  object space 146432K, 42% used [0x0000000081a00000,0x0000000085674ff8,0x000000008a900000)
 Metaspace       used 39468K, capacity 40320K, committed 40576K, reserved 1085440K
  class space    used 4736K, capacity 4978K, committed 4992K, reserved 1048576K
}
Event: 9.928 GC heap before
{Heap before GC invocations=15 (full 2):
 PSYoungGen      total 334848K, used 322404K [0x00000000d5e00000, 0x00000000ed400000, 0x0000000100000000)
  eden space 293888K, 100% used [0x00000000d5e00000,0x00000000e7d00000,0x00000000e7d00000)
  from space 40960K, 69% used [0x00000000eac00000,0x00000000ec7d9350,0x00000000ed400000)
  to   space 44544K, 0% used [0x00000000e7d00000,0x00000000e7d00000,0x00000000ea880000)
 ParOldGen       total 146432K, used 61907K [0x0000000081a00000, 0x000000008a900000, 0x00000000d5e00000)
  object space 146432K, 42% used [0x0000000081a00000,0x0000000085674ff8,0x000000008a900000)
 Metaspace       used 45428K, capacity 46350K, committed 46464K, reserved 1089536K
  class space    used 5457K, capacity 5729K, committed 5760K, reserved 1048576K
Event: 9.972 GC heap after
Heap after GC invocations=15 (full 2):
 PSYoungGen      total 338432K, used 44535K [0x00000000d5e00000, 0x00000000f2880000, 0x0000000100000000)
  eden space 293888K, 0% used [0x00000000d5e00000,0x00000000d5e00000,0x00000000e7d00000)
  from space 44544K, 99% used [0x00000000e7d00000,0x00000000ea87dc20,0x00000000ea880000)
  to   space 51712K, 0% used [0x00000000ef600000,0x00000000ef600000,0x00000000f2880000)
 ParOldGen       total 146432K, used 63219K [0x0000000081a00000, 0x000000008a900000, 0x00000000d5e00000)
  object space 146432K, 43% used [0x0000000081a00000,0x00000000857bccd8,0x000000008a900000)
 Metaspace       used 45428K, capacity 46350K, committed 46464K, reserved 1089536K
  class space    used 5457K, capacity 5729K, committed 5760K, reserved 1048576K
}
Event: 18.748 GC heap before
{Heap before GC invocations=16 (full 2):
 PSYoungGen      total 338432K, used 188509K [0x00000000d5e00000, 0x00000000f2880000, 0x0000000100000000)
  eden space 293888K, 48% used [0x00000000d5e00000,0x00000000dea99ae8,0x00000000e7d00000)
  from space 44544K, 99% used [0x00000000e7d00000,0x00000000ea87dc20,0x00000000ea880000)
  to   space 51712K, 0% used [0x00000000ef600000,0x00000000ef600000,0x00000000f2880000)
 ParOldGen       total 146432K, used 63219K [0x0000000081a00000, 0x000000008a900000, 0x00000000d5e00000)
  object space 146432K, 43% used [0x0000000081a00000,0x00000000857bccd8,0x000000008a900000)
 Metaspace       used 49402K, capacity 50398K, committed 50560K, reserved 1093632K
  class space    used 5860K, capacity 6153K, committed 6272K, reserved 1048576K
Event: 18.770 GC heap after
Heap after GC invocations=16 (full 2):
 PSYoungGen      total 391168K, used 16348K [0x00000000d5e00000, 0x00000000f1980000, 0x0000000100000000)
  eden space 354816K, 0% used [0x00000000d5e00000,0x00000000d5e00000,0x00000000eb880000)
  from space 36352K, 44% used [0x00000000ef600000,0x00000000f05f70c8,0x00000000f1980000)
  to   space 49664K, 0% used [0x00000000eb880000,0x00000000eb880000,0x00000000ee900000)
 ParOldGen       total 146432K, used 76482K [0x0000000081a00000, 0x000000008a900000, 0x00000000d5e00000)
  object space 146432K, 52% used [0x0000000081a00000,0x00000000864b0900,0x000000008a900000)
 Metaspace       used 49402K, capacity 50398K, committed 50560K, reserved 1093632K
  class space    used 5860K, capacity 6153K, committed 6272K, reserved 1048576K
}
Event: 18.770 GC heap before
{Heap before GC invocations=17 (full 3):
 PSYoungGen      total 391168K, used 16348K [0x00000000d5e00000, 0x00000000f1980000, 0x0000000100000000)
  eden space 354816K, 0% used [0x00000000d5e00000,0x00000000d5e00000,0x00000000eb880000)
  from space 36352K, 44% used [0x00000000ef600000,0x00000000f05f70c8,0x00000000f1980000)
  to   space 49664K, 0% used [0x00000000eb880000,0x00000000eb880000,0x00000000ee900000)
 ParOldGen       total 146432K, used 76482K [0x0000000081a00000, 0x000000008a900000, 0x00000000d5e00000)
  object space 146432K, 52% used [0x0000000081a00000,0x00000000864b0900,0x000000008a900000)
 Metaspace       used 49402K, capacity 50398K, committed 50560K, reserved 1093632K
  class space    used 5860K, capacity 6153K, committed 6272K, reserved 1048576K
Event: 18.917 GC heap after
Heap after GC invocations=17 (full 3):
 PSYoungGen      total 391168K, used 0K [0x00000000d5e00000, 0x00000000f1980000, 0x0000000100000000)
  eden space 354816K, 0% used [0x00000000d5e00000,0x00000000d5e00000,0x00000000eb880000)
  from space 36352K, 0% used [0x00000000ef600000,0x00000000ef600000,0x00000000f1980000)
  to   space 49664K, 0% used [0x00000000eb880000,0x00000000eb880000,0x00000000ee900000)
 ParOldGen       total 163328K, used 51597K [0x0000000081a00000, 0x000000008b980000, 0x00000000d5e00000)
  object space 163328K, 31% used [0x0000000081a00000,0x0000000084c63528,0x000000008b980000)
 Metaspace       used 49402K, capacity 50398K, committed 50560K, reserved 1093632K
  class space    used 5860K, capacity 6153K, committed 6272K, reserved 1048576K
}

Deoptimization events (10 events):
Event: 224.752 Thread 0x000000001d564800 Uncommon trap: reason=unstable_if action=reinterpret pc=0x00000000042628e8 method=java.util.TreeMap.getEntry(Ljava/lang/Object;)Ljava/util/TreeMap$Entry; @ 53
Event: 224.760 Thread 0x000000001d562000 Uncommon trap: reason=unstable_if action=reinterpret pc=0x0000000004297968 method=org.apache.tomcat.util.buf.StringCache.compare(Lorg/apache/tomcat/util/buf/ByteChunk;[B)I @ 96
Event: 229.794 Thread 0x000000001d566000 Uncommon trap: reason=unstable_if action=reinterpret pc=0x0000000004bc7144 method=org.apache.tomcat.util.buf.ByteChunk.allocate(II)V @ 13
Event: 229.794 Thread 0x000000001d566000 Uncommon trap: reason=unstable_if action=reinterpret pc=0x00000000048353b0 method=org.apache.tomcat.util.buf.CharChunk.allocate(II)V @ 13
Event: 229.794 Thread 0x000000001d566000 Uncommon trap: reason=unstable_if action=reinterpret pc=0x00000000048aa2e8 method=org.apache.tomcat.util.buf.B2CConverter.convert(Lorg/apache/tomcat/util/buf/ByteChunk;Lorg/apache/tomcat/util/buf/CharChunk;Z)V @ 18
Event: 229.794 Thread 0x000000001d566000 Uncommon trap: reason=unstable_if action=reinterpret pc=0x0000000003cc5010 method=org.apache.tomcat.util.buf.CharChunk.allocate(II)V @ 4
Event: 229.794 Thread 0x000000001d566000 Uncommon trap: reason=null_check action=make_not_entrant pc=0x0000000003d25e94 method=org.apache.catalina.core.ApplicationFilterFactory.createFilterChain(Ljavax/servlet/ServletRequest;Lorg/apache/catalina/Wrapper;Ljavax/servlet/Servlet;)Lorg/apache/catali
Event: 229.794 Thread 0x000000001d566000 Uncommon trap: reason=unstable_if action=reinterpret pc=0x00000000043606f8 method=org.apache.catalina.core.ApplicationFilterChain.addFilter(Lorg/apache/catalina/core/ApplicationFilterConfig;)V @ 45
Event: 229.794 Thread 0x000000001d566000 Uncommon trap: reason=unstable_if action=reinterpret pc=0x00000000041d1b54 method=org.apache.catalina.connector.Request.getRequest()Ljavax/servlet/http/HttpServletRequest; @ 4
Event: 229.795 Thread 0x000000001d566000 Uncommon trap: reason=unstable_if action=reinterpret pc=0x000000000440eaf4 method=org.apache.coyote.RequestInfo.updateCounters()V @ 113

Classes redefined (0 events):
No events

Internal exceptions (10 events):
Event: 10.214 Thread 0x0000000020b70000 Exception <a 'java/lang/ClassNotFoundException': org/springframework/web/servlet/support/AbstractFlashMapManagerBeanInfo> (0x00000000dc003020) thrown at [C:\re\workspace\8-2-build-windows-amd64-cygwin\jdk8u181\11358\hotspot\src\share\vm\classfile\systemDi
Event: 10.214 Thread 0x0000000020b70000 Exception <a 'java/lang/ClassNotFoundException': org/springframework/web/servlet/support/AbstractFlashMapManagerCustomizer> (0x00000000dc029998) thrown at [C:\re\workspace\8-2-build-windows-amd64-cygwin\jdk8u181\11358\hotspot\src\share\vm\classfile\system
Event: 10.215 Thread 0x0000000020b70000 Exception <a 'java/lang/ClassNotFoundException': org/springframework/web/servlet/support/SessionFlashMapManagerCustomizer> (0x00000000dc057980) thrown at [C:\re\workspace\8-2-build-windows-amd64-cygwin\jdk8u181\11358\hotspot\src\share\vm\classfile\systemD
Event: 10.215 Thread 0x0000000020b70000 Exception <a 'java/lang/ClassNotFoundException': org/springframework/web/servlet/FlashMapManagerCustomizer> (0x00000000dc07c120) thrown at [C:\re\workspace\8-2-build-windows-amd64-cygwin\jdk8u181\11358\hotspot\src\share\vm\classfile\systemDictionary.cpp, 
Event: 19.073 Thread 0x000000001e7cf800 Exception <a 'java/lang/ArrayIndexOutOfBoundsException': 3027> (0x00000000d6675920) thrown at [C:\re\workspace\8-2-build-windows-amd64-cygwin\jdk8u181\11358\hotspot\src\share\vm\interpreter\interpreterRuntime.cpp, line 366]
Event: 120.371 Thread 0x000000001d560000 Exception <a 'java/net/SocketTimeoutException': Read timed out> (0x00000000d80ae598) thrown at [C:\re\workspace\8-2-build-windows-amd64-cygwin\jdk8u181\11358\hotspot\src\share\vm\prims\jni.cpp, line 735]
Event: 210.539 Thread 0x000000001e7cf800 Exception <a 'java/lang/ArrayIndexOutOfBoundsException'> (0x00000000d7130e20) thrown at [C:\re\workspace\8-2-build-windows-amd64-cygwin\jdk8u181\11358\hotspot\src\share\vm\runtime\sharedRuntime.cpp, line 605]
Event: 229.782 Thread 0x000000001d563800 Exception <a 'java/net/SocketTimeoutException': Read timed out> (0x00000000d74a5148) thrown at [C:\re\workspace\8-2-build-windows-amd64-cygwin\jdk8u181\11358\hotspot\src\share\vm\prims\jni.cpp, line 735]
Event: 229.794 Thread 0x000000001d566000 Implicit null exception at 0x0000000003cc418d to 0x0000000003cc4fbd
Event: 229.794 Thread 0x000000001d566000 Implicit null exception at 0x0000000003d24207 to 0x0000000003d25e75

Events (10 events):
Event: 229.834 Thread 0x0000000019d80800 flushing nmethod 0x0000000004894bd0
Event: 229.834 Thread 0x0000000019d80800 flushing nmethod 0x0000000004898050
Event: 229.834 Thread 0x0000000019d80800 flushing nmethod 0x000000000489b790
Event: 229.834 Thread 0x0000000019d80800 flushing nmethod 0x00000000048e0a90
Event: 229.834 Thread 0x0000000019d80800 flushing nmethod 0x00000000048e7390
Event: 229.910 Thread 0x0000000019d77800 flushing nmethod 0x0000000004980f50
Event: 229.910 Thread 0x0000000019d77800 flushing nmethod 0x00000000049c5a90
Event: 229.910 Thread 0x0000000019d77800 flushing nmethod 0x00000000049fa790
Event: 229.910 Thread 0x0000000019d77800 flushing nmethod 0x0000000004a37210
Event: 229.910 Thread 0x0000000019d77800 flushing nmethod 0x0000000004a9aa10


Dynamic libraries:
0x00007ff6d6d90000 - 0x00007ff6d6dc7000 	D:\Java\softwares\JDK\bin\java.exe
0x00007fff845a0000 - 0x00007fff84781000 	C:\WINDOWS\SYSTEM32\ntdll.dll
0x00007fff83950000 - 0x00007fff83a02000 	C:\WINDOWS\System32\KERNEL32.DLL
0x00007fff81170000 - 0x00007fff813e3000 	C:\WINDOWS\System32\KERNELBASE.dll
0x00007fff83e70000 - 0x00007fff83f11000 	C:\WINDOWS\System32\ADVAPI32.dll
0x00007fff81e20000 - 0x00007fff81ebe000 	C:\WINDOWS\System32\msvcrt.dll
0x00007fff83be0000 - 0x00007fff83c3b000 	C:\WINDOWS\System32\sechost.dll
0x00007fff83d40000 - 0x00007fff83e64000 	C:\WINDOWS\System32\RPCRT4.dll
0x00007fff81c30000 - 0x00007fff81dc0000 	C:\WINDOWS\System32\USER32.dll
0x00007fff818e0000 - 0x00007fff81900000 	C:\WINDOWS\System32\win32u.dll
0x00007fff81dc0000 - 0x00007fff81de8000 	C:\WINDOWS\System32\GDI32.dll
0x00007fff813f0000 - 0x00007fff81582000 	C:\WINDOWS\System32\gdi32full.dll
0x00007fff810d0000 - 0x00007fff8116f000 	C:\WINDOWS\System32\msvcp_win.dll
0x00007fff815f0000 - 0x00007fff816ea000 	C:\WINDOWS\System32\ucrtbase.dll
0x00007fff71a00000 - 0x00007fff71c69000 	C:\WINDOWS\WinSxS\amd64_microsoft.windows.common-controls_6595b64144ccf1df_6.0.17134.472_none_fb3f9af53068156d\COMCTL32.dll
0x00007fff83620000 - 0x00007fff83942000 	C:\WINDOWS\System32\combase.dll
0x00007fff81900000 - 0x00007fff8197a000 	C:\WINDOWS\System32\bcryptPrimitives.dll
0x00007fff81df0000 - 0x00007fff81e1d000 	C:\WINDOWS\System32\IMM32.DLL
0x00007fff80840000 - 0x00007fff808ae000 	C:\WINDOWS\System32\dtrampo.dll
0x0000000060690000 - 0x0000000060762000 	D:\Java\softwares\JDK\jre\bin\msvcr100.dll
0x000000005ecf0000 - 0x000000005f592000 	D:\Java\softwares\JDK\jre\bin\server\jvm.dll
0x00007fff81ec0000 - 0x00007fff81ec8000 	C:\WINDOWS\System32\PSAPI.DLL
0x00007fff6dd80000 - 0x00007fff6dd89000 	C:\WINDOWS\SYSTEM32\WSOCK32.dll
0x00007fff83500000 - 0x00007fff8356c000 	C:\WINDOWS\System32\WS2_32.dll
0x00007fff7e5d0000 - 0x00007fff7e5f3000 	C:\WINDOWS\SYSTEM32\WINMM.dll
0x00007fff76720000 - 0x00007fff7672a000 	C:\WINDOWS\SYSTEM32\VERSION.dll
0x00007fff7e260000 - 0x00007fff7e28a000 	C:\WINDOWS\SYSTEM32\WINMMBASE.dll
0x00007fff80970000 - 0x00007fff809b9000 	C:\WINDOWS\System32\cfgmgr32.dll
0x00000000611a0000 - 0x00000000611af000 	D:\Java\softwares\JDK\jre\bin\verify.dll
0x0000000061170000 - 0x0000000061199000 	D:\Java\softwares\JDK\jre\bin\java.dll
0x0000000061140000 - 0x0000000061163000 	D:\Java\softwares\JDK\jre\bin\instrument.dll
0x0000000061120000 - 0x0000000061136000 	D:\Java\softwares\JDK\jre\bin\zip.dll
0x00007fff820b0000 - 0x00007fff834f0000 	C:\WINDOWS\System32\SHELL32.dll
0x0000000019580000 - 0x0000000019629000 	C:\WINDOWS\System32\shcore.dll
0x0000000019630000 - 0x0000000019d3d000 	C:\WINDOWS\System32\windows.storage.dll
0x00007fff82050000 - 0x00007fff820a1000 	C:\WINDOWS\System32\shlwapi.dll
0x00007fff80950000 - 0x00007fff80961000 	C:\WINDOWS\System32\kernel.appcore.dll
0x00007fff80900000 - 0x00007fff8091f000 	C:\WINDOWS\System32\profapi.dll
0x00007fff808b0000 - 0x00007fff808fc000 	C:\WINDOWS\System32\powrprof.dll
0x00007fff80920000 - 0x00007fff8092a000 	C:\WINDOWS\System32\FLTLIB.DLL
0x00007fff73c80000 - 0x00007fff73c9a000 	D:\Java\softwares\tools\idealU\IntelliJ IDEA 2017.3.4\bin\breakgen64.dll
0x0000000061100000 - 0x000000006111a000 	D:\Java\softwares\JDK\jre\bin\net.dll
0x00007fff800c0000 - 0x00007fff80126000 	C:\WINDOWS\system32\mswsock.dll
0x00007fff80270000 - 0x00007fff80287000 	C:\WINDOWS\SYSTEM32\CRYPTSP.dll
0x00007fff7fca0000 - 0x00007fff7fcd3000 	C:\WINDOWS\system32\rsaenh.dll
0x00007fff803a0000 - 0x00007fff803c5000 	C:\WINDOWS\SYSTEM32\bcrypt.dll
0x00007fff80740000 - 0x00007fff80768000 	C:\WINDOWS\SYSTEM32\USERENV.dll
0x00007fff80290000 - 0x00007fff8029b000 	C:\WINDOWS\SYSTEM32\CRYPTBASE.dll
0x00007fff7fe40000 - 0x00007fff7fe78000 	C:\WINDOWS\SYSTEM32\IPHLPAPI.DLL
0x00007fff83c40000 - 0x00007fff83c48000 	C:\WINDOWS\System32\NSI.dll
0x00007fff76cd0000 - 0x00007fff76ce6000 	C:\WINDOWS\SYSTEM32\dhcpcsvc6.DLL
0x00007fff76cb0000 - 0x00007fff76cca000 	C:\WINDOWS\SYSTEM32\dhcpcsvc.DLL
0x0000000060f00000 - 0x0000000060f11000 	D:\Java\softwares\JDK\jre\bin\nio.dll
0x00007fff7e880000 - 0x00007fff7e88a000 	C:\Users\lhz\AppData\Local\Temp\jansi-1.17.1-4521095728200468125.dll
0x00007fff74c30000 - 0x00007fff74c3a000 	C:\Users\lhz\AppData\Local\Temp\jansi-1.17.1-6471123676883119161.dll
0x0000000060680000 - 0x000000006068d000 	D:\Java\softwares\JDK\jre\bin\management.dll

VM Arguments:
jvm_args: -Dmaven.multiModuleProjectDirectory=D:\Java\mycode\RedMoney -Dmaven.home=D:\Java\maven\maven -Dclassworlds.conf=D:\Java\maven\maven\bin\m2.conf -javaagent:D:\Java\softwares\tools\idealU\IntelliJ IDEA 2017.3.4\lib\idea_rt.jar=1155:D:\Java\softwares\tools\idealU\IntelliJ IDEA 2017.3.4\bin -Dfile.encoding=UTF-8 
java_command: org.codehaus.classworlds.Launcher -Didea.version=2017.3.4 -s D:\Java\maven\maven\conf\settings.xml -Dmaven.repo.local=D:\Java\maven_repository tomcat7:run
java_class_path (initial): D:\Java\maven\maven\boot\plexus-classworlds-2.5.2.jar;D:\Java\softwares\tools\idealU\IntelliJ IDEA 2017.3.4\lib\idea_rt.jar
Launcher Type: SUN_STANDARD

Environment Variables:
JAVA_HOME=D:\java\softwares\JDK
CLASSPATH=.;D:\java\softwares\JDK\lib\dt.jar;D:\java\softwares\JDK\lib\tools.jar;
PATH=C:\Program Files (x86)\Common Files\Oracle\Java\javapath;C:\Program Files (x86)\Intel\iCLS Client\;C:\Program Files\Intel\iCLS Client\;C:\Windows\system32;C:\Windows;C:\Windows\System32\Wbem;C:\Windows\System32\WindowsPowerShell\v1.0\;C:\Program Files (x86)\NVIDIA Corporation\PhysX\Common;C:\Program Files (x86)\Intel\Intel(R) Management Engine Components\DAL;C:\Program Files\Intel\Intel(R) Management Engine Components\DAL;C:\Program Files (x86)\Intel\Intel(R) Management Engine Components\IPT;C:\Program Files\Intel\Intel(R) Management Engine Components\IPT;C:\WINDOWS\system32;C:\WINDOWS;C:\WINDOWS\System32\Wbem;C:\WINDOWS\System32\WindowsPowerShell\v1.0\;C:\Program Files (x86)\Windows Kits\8.1\Windows Performance Toolkit\;C:\WINDOWS\System32\OpenSSH\;D:\java\softwares\JDK\bin;D:\java\softwares\JDK\jre\bin;E:\TIM\Bin;D:\Java\mysql\MySQL\MySQL Server 5.5\bin;D:\Java\mysql\MySQL Server 5.5\bin;D:\Java\mysql\bin;D:\Java\maven\maven\bin;D:\tools\SVN\bin;D:\tools\TortoiseSVN\bin;C:\Users\lhz\AppData\Local\Microsoft\WindowsApps;
USERNAME=lhz
OS=Windows_NT
PROCESSOR_IDENTIFIER=Intel64 Family 6 Model 158 Stepping 9, GenuineIntel



---------------  S Y S T E M  ---------------

OS: Windows 10.0 , 64 bit Build 17134 (10.0.17134.1)

CPU:total 4 (initial active 4) (4 cores per cpu, 1 threads per core) family 6 model 158 stepping 9, cmov, cx8, fxsr, mmx, sse, sse2, sse3, ssse3, sse4.1, sse4.2, popcnt, avx, avx2, aes, clmul, erms, 3dnowpref, lzcnt, tsc, tscinvbit, bmi1, bmi2, adx

Memory: 4k page, physical 8278180k(1323856k free), swap 16142496k(0k free)

vm_info: Java HotSpot(TM) 64-Bit Server VM (25.181-b13) for windows-amd64 JRE (1.8.0_181-b13), built on Jul  7 2018 04:01:33 by "java_re" with MS VC++ 10.0 (VS2010)

time: Mon Jan 14 21:58:02 2019
elapsed time: 233 seconds (0d 0h 3m 53s)

